=================================================================================================== check_table ===================================================================================================
Loading requested tables based on example1_result/steering_file.json
───────────────────────────────────────────────────────────────────────────────────────────── table exclusion_example ─────────────────────────────────────────────────────────────────────────────────────────────
It took 0.15454387664794922 seconds to create table exclusion_example.
Printing requested tables:
[('exclusion_example', True)]
──────────────────────────────────────────────────────────────────────────────────────────────── exclusion_example ────────────────────────────────────────────────────────────────────────────────────────────────
title:
╭───────────────────────────────────────────────╮
│ Here you should explain what your table shows │
╰───────────────────────────────────────────────╯
location:
╭────────────────────────────────────╮
│ data from figure exclusion_example │
╰────────────────────────────────────╯
images:
╭──────────────────────────────────────────╮
│ ┌──────────────────────────────────────┐ │
│ │ name: example1/exclusion_example.pdf │ │
│ │ label:                               │ │
│ └──────────────────────────────────────┘ │
╰──────────────────────────────────────────╯
visible values:
┏━━━━━━━━━━━━━━━━━━━━━━━┳━━━━━━━━━━━━━━━━━━━━━━━━┓
┃ variable_x            ┃ variable_y             ┃
┡━━━━━━━━━━━━━━━━━━━━━━━╇━━━━━━━━━━━━━━━━━━━━━━━━┩
│ ┏━━━━━━━━━━━━━━━━━━━┓ │ ┏━━━━━━━━━━━━━━━━━━━━┓ │
│ ┃                   ┃ │ ┃                    ┃ │
│ ┡━━━━━━━━━━━━━━━━━━━┩ │ ┡━━━━━━━━━━━━━━━━━━━━┩ │
│ │ 500.0             │ │ │ 392.02923367571634 │ │
│ │ 516.6666666666666 │ │ │ 349.2724002774825  │ │
│ │ 533.3333333333334 │ │ │ 409.78203705459356 │ │
│ │ 550.0             │ │ │ 390.4615435906629  │ │
│ │ 566.6666666666666 │ │ │ 400.6389906182491  │ │
│ │ 583.3333333333334 │ │ │ 431.59527587676644 │ │
│ │ 600.0             │ │ │ 422.86589647724236 │ │
│ │ 616.6666666666666 │ │ │ 433.23390240218765 │ │
│ │ 633.3333333333334 │ │ │ 450.8912168630647  │ │
│ │ 650.0             │ │ │ 477.52020403488086 │ │
│ │ 666.6666666666667 │ │ │ 508.95243880482275 │ │
│ │ 683.3333333333334 │ │ │ 469.19249227788737 │ │
│ │ 700.0             │ │ │ 443.4886368955448  │ │
│ │ 716.6666666666667 │ │ │ 383.44688391641625 │ │
│ │ 733.3333333333334 │ │ │ 358.896639461695   │ │
│ │ 750.0             │ │ │ 375.92714581695344 │ │
│ │ 766.6666666666667 │ │ │ 335.1124068416266  │ │
│ │ 783.3333333333334 │ │ │ 291.30223918620135 │ │
│ │ 800.0             │ │ │ 239.7580321440192  │ │
│ │ 816.6666666666667 │ │ │ 183.6465160516917  │ │
│ │ 833.3333333333334 │ │ │ 160.56027327216688 │ │
│ │ 850.0             │ │ │ 108.99541717623242 │ │
│ │ 866.6666666666667 │ │ │ 77.79231653639376  │ │
│ │ 883.3333333333334 │ │ │ 42.19283158589724  │ │
│ │ 900.0             │ │ │ 0.0                │ │
│ └───────────────────┘ │ └────────────────────┘ │
└───────────────────────┴────────────────────────┘
